2024-05-02 01:00:03 [INFO] Backup job starting: job_name="ProductionDB-Full" type="Full" schedule="Daily" status="Running"
2024-05-02 01:00:03 [INFO] VSS snapshot requested: job_name="ProductionDB-Full" volume="E:\MES_DATA" snapshot_provider="Microsoft Software Shadow Copy"
2024-05-02 01:00:19 [WARNING] VSS writer response delayed: job_name="ProductionDB-Full" writer="SqlServerWriter" elapsed_seconds=16
2024-05-02 01:00:34 [ERROR] VSS snapshot failed: job_name="ProductionDB-Full" error_code=0x80042302 error_detail="A VSS critical writer has failed. Check the system and application event logs for more information." writer="SqlServerWriter"
2024-05-02 01:00:34 [INFO] Retrying VSS snapshot (attempt 2 of 3): job_name="ProductionDB-Full"
2024-05-02 01:01:04 [ERROR] VSS snapshot failed on retry: job_name="ProductionDB-Full" attempt=2 error_code=0x80042302 error_detail="SqlServerWriter is in a failed state. Run 'vssadmin list writers' to inspect writer status."
2024-05-02 01:01:04 [INFO] Retrying VSS snapshot (attempt 3 of 3): job_name="ProductionDB-Full"
2024-05-02 01:01:34 [ERROR] VSS snapshot failed on retry: job_name="ProductionDB-Full" attempt=3 error_code=0x80042302 error_detail="All retry attempts exhausted. SqlServerWriter did not reach a stable state."
2024-05-02 01:01:34 [ERROR] Backup job failed: job_name="ProductionDB-Full" type="Full" schedule="Daily" status="Failed" duration_minutes=1 size_gb=0 files_transferred=0 verify_status="N/A" failure_reason="VSS snapshot error 0x80042302 — SqlServerWriter failed to stabilize after 3 attempts"

2024-05-02 01:05:00 [INFO] Backup job starting: job_name="QualitySystem-Full" type="Full" schedule="Daily" status="Running"
2024-05-02 01:05:00 [INFO] VSS snapshot requested: job_name="QualitySystem-Full" volume="F:\QUALITY_DATA" snapshot_provider="Microsoft Software Shadow Copy"
2024-05-02 01:06:41 [INFO] VSS snapshot created successfully: job_name="QualitySystem-Full" snapshot_id="c08f3b21-5d74-4a1e-8e09-2d441b67f305"
2024-05-02 01:06:42 [INFO] Data transfer started: job_name="QualitySystem-Full" target="\\BACKUP-NAS-01\backups\quality"
2024-05-02 01:53:28 [INFO] Backup job completed: job_name="QualitySystem-Full" type="Full" schedule="Daily" status="Success" duration_minutes=48 size_gb=94.52 files_transferred=1 verify_status="Passed"
2024-05-02 01:53:28 [INFO] Checksum verification passed: job_name="QualitySystem-Full" algorithm="SHA-256"

2024-05-02 02:00:00 [INFO] Backup job starting: job_name="ERPDatabase-Full" type="Full" schedule="Daily" status="Running"
2024-05-02 02:00:00 [INFO] VSS snapshot requested: job_name="ERPDatabase-Full" volume="G:\ERP_DATA" snapshot_provider="Microsoft Software Shadow Copy"
2024-05-02 02:02:18 [INFO] VSS snapshot created successfully: job_name="ERPDatabase-Full" snapshot_id="d7c54e88-1b2f-4d66-b1ec-3399a2f7c041"
2024-05-02 02:02:19 [INFO] Data transfer started: job_name="ERPDatabase-Full" target="\\BACKUP-NAS-01\backups\erp"
2024-05-02 03:56:11 [INFO] Backup job completed: job_name="ERPDatabase-Full" type="Full" schedule="Daily" status="Success" duration_minutes=116 size_gb=424.33 files_transferred=1 verify_status="Passed"
2024-05-02 03:56:11 [INFO] Checksum verification passed: job_name="ERPDatabase-Full" algorithm="SHA-256"

2024-05-02 04:00:00 [INFO] Backup job starting: job_name="PLCConfigs-Incremental" type="Incremental" schedule="Daily" status="Running"
2024-05-02 04:00:00 [INFO] Enumerating changed configuration files: job_name="PLCConfigs-Incremental" source="\\PLC-MGMT-01\configs"
2024-05-02 04:00:06 [INFO] No changes detected since last backup: job_name="PLCConfigs-Incremental" changed_count=0
2024-05-02 04:00:06 [INFO] Backup job completed: job_name="PLCConfigs-Incremental" type="Incremental" schedule="Daily" status="Success" duration_minutes=1 size_gb=0.00094 files_transferred=0 verify_status="Passed"

2024-05-02 04:05:00 [INFO] Backup job starting: job_name="VMware-ManufacturingHosts-Images" type="Full" schedule="Daily" status="Running"
2024-05-02 04:05:00 [INFO] Connecting to vCenter: job_name="VMware-ManufacturingHosts-Images" vcenter="vcenter-mfg.local"
2024-05-02 04:05:04 [INFO] vCenter connection established: job_name="VMware-ManufacturingHosts-Images" hosts_found=6
2024-05-02 04:05:05 [INFO] Creating VM snapshots: job_name="VMware-ManufacturingHosts-Images" vm_count=14
2024-05-02 04:07:41 [INFO] All VM snapshots created: job_name="VMware-ManufacturingHosts-Images"
2024-05-02 04:07:41 [INFO] Data transfer started: job_name="VMware-ManufacturingHosts-Images" target="\\BACKUP-NAS-01\backups\vmware"
2024-05-02 07:51:28 [INFO] Backup job completed: job_name="VMware-ManufacturingHosts-Images" type="Full" schedule="Daily" status="Success" duration_minutes=226 size_gb=1851.09 files_transferred=14 verify_status="Passed"
2024-05-02 07:51:28 [INFO] Snapshot removal completed: job_name="VMware-ManufacturingHosts-Images" removed_count=14

2024-05-02 07:55:00 [INFO] Backup job starting: job_name="FileServer-Incremental" type="Incremental" schedule="Daily" status="Running"
2024-05-02 07:55:00 [INFO] Enumerating changed files: job_name="FileServer-Incremental" source="\\FILESVR-01\shares"
2024-05-02 07:55:18 [INFO] Changed files detected: job_name="FileServer-Incremental" changed_count=6341
2024-05-02 07:55:18 [INFO] Data transfer started: job_name="FileServer-Incremental" target="\\BACKUP-NAS-01\backups\fileserver"
2024-05-02 07:58:44 [WARNING] File access denied, skipping: job_name="FileServer-Incremental" path="\\FILESVR-01\shares\engineering\locked-drawings\rev-hold" reason="Access denied (0x80070005)"
2024-05-02 08:01:19 [WARNING] File access denied, skipping: job_name="FileServer-Incremental" path="\\FILESVR-01\shares\quality\ncr-archive\2024-Q1-locked" reason="Access denied (0x80070005)"
2024-05-02 08:11:22 [WARNING] File skipped (in use): job_name="FileServer-Incremental" path="\\FILESVR-01\shares\production\shift-reports\current.xlsx" reason="File locked by another process"
2024-05-02 08:13:09 [WARNING] Backup job completed with warnings: job_name="FileServer-Incremental" type="Incremental" schedule="Daily" status="Warning" duration_minutes=18 size_gb=19.87 files_transferred=6308 verify_status="Passed" skipped_files=33 warning_detail="33 files skipped due to access denied or file-in-use conditions. Review share permissions for engineering and quality archive paths."
